建元
元光
元朔
元狩
元鼎
元封
太初
天汉
太始
征和
后元
始元
元凤
元平
本始
地节
元康
神爵
五凤
甘露
黄龙
初元
永光
建昭
竟宁
建始
河平
阳朔
鸿嘉
永始
元延
绥和
建平
太初元将
元寿
元始
居摄
初始
始建国
天凤
地皇
更始
汉复
龙兴
建世
建武
建武中元
永平
建初
元和
章和
永元
元兴
延平
永初
元初
永宁
建光
延光
永建
阳嘉
永和
汉安
建康
永憙
本初
建和
和平
元嘉
永兴
永寿
延熹
永康
建宁
熹平
光和
中平
光熹
昭宁
永汉
中平
初平
兴平
建安
延康
神上
黄初
太和
青龙
景初
正始
嘉平
正元
甘露
景元
咸熙
绍汉
章武
建兴
延熙
景耀
炎兴
黄武
黄龙
嘉禾
赤乌
太元
神凤
建兴
五凤
太平
永安
元兴
甘露
宝鼎
建衡
凤凰
天册
天玺
天纪
泰始
咸宁
太康
太熙
永熙
永平
元康
永康
永宁
太安
永安
建武
永兴
光熙
永嘉
建兴
太平
建始
神凤
建武
大兴
永昌
太宁
咸和
咸康
建元
永和
升平
隆和
兴宁
太和
咸安
宁康
太元
隆安
元兴
大亨
义熙
元熙
建康
凤凰
永始
天康
元熙
永凤
河瑞
光兴
嘉平
建元
麟嘉
汉昌
光初
太和
平赵
建初
建兴
晏平
玉衡
大武
玉恒
汉兴
太和
嘉宁
建兴
和平
建兴
升平
凤凰
太和
建平
延熙
建武
太宁
永熙
延兴
青龙
永宁
永兴
龙兴
燕元
元玺
光寿
建熙
皇始
寿光
永兴
甘露
建元
太安
太初
延初
建昌
黑龙
元光
白雀
建初
皇初
弘始
永和
燕元
建兴
永康
建平
长乐
光始
建始
建光
定鼎
建始
延平
青龙
燕兴
更始
昌平
建明
建平
建武
中兴
建义
太初
更始
永康
建弘
永弘
太安
麟嘉
龙飞
承康
咸宁
神鼎
太初
建和
弘昌
嘉平
燕平
建平
太上
太平
庚子
建初
嘉兴
永建
龙昇
凤翔
昌武
真兴
承光
胜光
正始
太平
太兴
神玺
天玺
永安
玄始
真兴
承玄
义和
承阳
缘禾
承和
太缘
建平
承平
永初
景平
元嘉
孝建
大明
永光
景和
泰始
泰豫
元徽
昇明
泰始
建义
太初
建平
永光
义嘉
建元
永明
隆昌
延兴
建武
永泰
永元
中兴
兴平
建义
天监
普通
大通
中大通
大同
中大同
太清
大宝
天正
承圣
天成
绍泰
太平
上愿
永汉
正平
太始
天正
天启
大定
天保
广运
永定
天嘉
天康
光大
太建
至德
祯明
建国
登国
皇始
天兴
天赐
永兴
神瑞
泰常
始光
神䴥
延和
太延
太平真君
正平
承平
兴安
兴光
太安
和平
天安
皇兴
延兴
承明
太和
景明
正始
永平
延昌
熙平
神龟
正光
孝昌
武泰
建义
永安
建明
普泰
中兴
太昌
永兴
永熙
建平
圣君
正始
建明
圣明
建平
大乘
真王
天建
天启
真王
神嘉
鲁兴
始建
广安
天授
隆绪
天统
神兽
孝基
建武
更兴
天平
元象
兴和
武定
平都
大统
乾明
天保
乾明
皇建
太宁
河清
天统
武平
隆化
德昌
承光
武平
安太
武成
武定
保定
天和
建德
宣政
大成
大象
大定
石平
永康
太平
太安
始平
建昌
建初
承平
义熙
甘露
章和
永平
和平
建昌
延昌
延和
义和
重光
延寿
白雀
开皇
仁寿
大业
义宁
皇泰
白鸟
大世
昌达
始兴
太平
丁丑
五凤
永平
天兴
永隆
正平
秦兴
鸣凤
通圣
武德
贞观
永徽
显庆
龙朔
麟德
乾封
总章
咸亨
上元
仪凤
调露
永隆
开耀
永淳
弘道
嗣圣
文明
光宅
垂拱
永昌
载初
天授
如意
长寿
延载
证圣
天册万岁
万岁登封
万岁通天
神功
圣历
久视
大足
长安
神龙
景龙
唐隆
景云
太极
延和
先天
开元
天宝
至德
乾元
上元
宝应
广德
永泰
大历
建中
兴元
贞元
永贞
元和
永新
长庆
宝历
大和
开成
会昌
大中
咸通
乾符
广明
中和
光启
文德
龙纪
大顺
景福
乾宁
光化
天复
天祐
天寿
安乐
始兴
法轮
开明
延康
明政
天造
天明
乾德
进通
中元克复
圣武
载初
天成
应天
顺天
显圣
黄龙
正德
宝胜
应天
天皇
武成
罗平
王霸
金统
建贞
顺天
天寿
彝泰
同庆
天尊
中兴
天兴
天寿
仁安
大兴
宝历
中兴
正历
永德
朱雀
太始
建兴
咸和
甘露
元兴
赞普钟
长寿
见龙
上元
元封
应道
龙兴
全义
大丰
保和
天启
建极
法尧
贞明
承智
大同
嵯耶
中兴
安国
始元
天瑞景星
孝治
天应
尊圣
兴圣
大明
鼎新
光圣
文德
神武
文经
至治
明德
广德
顺德
明政
广明
明应
明统
明圣
明德
明治
明法
广德
明运
明启
乾兴
明通
正治
圣明
天明
保安
正安
正德
保德
太安
明侯
上德
广安
上明
保立
建安
天祐
上治
天授
开明
天政
文安
日新
文治
永嘉
保天
广运
永贞
大宝
龙兴
盛明
建德
利贞
盛德
嘉会
元亨
安定
亨时
凤历
元寿
天开
天辅
仁寿
道隆
天定
利正
兴正
顺德
兴正
至德
大本
钟元
永道
开平
乾化
凤历
乾化
贞明
龙德
应天
同光
天成
长兴
应顺
清泰
天福
开运
天福
乾祐
广顺
显德
天复
天祐
武义
顺义
乾贞
大和
天祚
昇元
保大
中兴
交泰
显德
建隆
乾德
开宝
天祐
天宝
凤历
乾化
贞明
龙德
宝大
宝正
广初
正明
长兴
应顺
清泰
天福
开运
天福
乾祐
广顺
显德
建隆
乾德
开宝
太平兴国
天成
长兴
应顺
清泰
天福
开运
天福
乾祐
保大
开平
乾化
贞明
龙德
同光
天成
长兴
龙启
永和
通文
永隆
天德
乾亨
白龙
大有
光天
应乾
乾和
大宝
永乐
天复
武成
通正
天汉
光天
乾德
咸康
明德
广政
同光
天成
乾贞
天成
长兴
应顺
清泰
天福
开运
天福
乾祐
广顺
显德
建隆
乾祐
天会
广运
建隆
乾德
开宝
太平兴国
雍熙
端拱
淳化
至道
咸平
景德
大中祥符
天禧
乾兴
天圣
明道
景祐
宝元
康定
庆历
皇祐
至和
嘉祐
治平
熙宁
元丰
元祐
绍圣
元符
建中靖国
崇宁
大观
政和
重和
宣和
靖康
应运
化顺
得圣
景瑞
启历
端懿
大历
隆兴
永乐
建炎
绍兴
隆兴
乾道
淳熙
绍熙
庆元
嘉泰
开禧
嘉定
宝庆
绍定
端平
嘉熙
淳祐
宝祐
开庆
景定
咸淳
德祐
景炎
祥兴
明受
天载
正法
人知
太平
阜昌
大圣天王
庚戌
罗平
乾贞
罗平
转运
重德
天战
龙兴
天定
神册
天赞
天显
会同
大同
天禄
应历
保宁
乾亨
统和
开泰
太平
景福
重熙
清宁
咸雍
大康
大安
寿昌
乾统
天庆
保大
建福
德兴
神历
天庆
隆基
天复
天嗣
延庆
康国
咸清
绍兴
崇福
皇德
重德
天禧
显道
开运
广运
大庆
天授礼法延祚
广熙
广民
延嗣宁国
天祐垂圣
福圣承道
奲都
拱化
乾道
天赐礼盛国庆
大安
天安礼定
西安
天仪治平
天祐民安
永安
贞观
雍宁
元德
正德
大德
大庆
人庆
天盛
乾祐
天庆
应天
皇建
光定
乾定
宝义
宝庆
广僖
清平
收国
天辅
天会
天眷
皇统
天德
贞元
正隆
大定
兴庆
明昌
承安
泰和
天定
大安
崇庆
至宁
贞祐
兴定
元光
正大
开兴
天兴
盛昌
天兴
天统
天正
身圣
元统
天赐
天顺
天泰
大同
兴隆
顺天
天威
天祐
天德
中统
至元
元贞
大德
至大
皇庆
延祐
至治
泰定
致和
天顺
天历
至顺
元统
至元
至正
宣光
天元
昌泰
延康
祥兴
安定
正治
赤符
治平
太平
天启
天定
正朔
天祐
龙凤
大义
大定
德寿
天统
开熙
洪武
建文
永乐
洪熙
宣德
正统
景泰
天顺
成化
弘治
正德
嘉靖
隆庆
万历
泰昌
天启
崇祯
义兴
弘光
隆武
绍武
庚寅
定武
永历
东武
天定
龙凤
泰定
东阳
玄元
添元
天顺
天绣
武烈
德胜
明正
顺德
平定
大顺
天渊
造历
龙飞
大宝
洪武
真混
瑞应
玄静
大成兴胜
永兴
兴武
天运
永昌
义武
大顺
圆明大宝
宏闰
涌安
天命
天聪
崇德
顺治
康熙
雍正
乾隆
嘉庆
道光
咸丰
祺祥
同治
光绪
宣统
重兴
天定
永昌
清光
中兴
永历
隆武
兴朝
天正
天顺
大庆
广德
昭武
利用
洪化
裕民
文兴
元兴
永兴
天德
永和
天运
顺天
天运
万利
晏朝
太平天国
天德
洪顺
天德
天运
洪德
顺天
嗣统
华汉
江汉
永清
大明国
汉德
共戴
通志
洪宪
宣统
大同
康德
民国