大化
白雉
朱鸟
大宝
庆云
和铜
灵龟
养老
神龟
天平
天平感宝
天平胜宝
天平宝字
天平神护
神护景云
宝龟
天应
延历
大同
弘仁
天长
承和
嘉祥
仁寿
齐衡
天安
贞观
元庆
仁和
宽平
昌泰
延喜
延长
承平
天庆
天历
天德
应和
康保
安和
天禄
天延
贞元
天元
永观
宽和
永延
永祚
正历
长德
长保
宽弘
长和
宽仁
治安
万寿
长元
长历
长久
宽德
永承
天喜
康平
治历
延久
承保
承历
永保
应德
宽治
嘉保
永长
承德
康和
长治
嘉承
天仁
天永
永久
元永
保安
天治
大治
天承
长承
保延
永治
康治
天养
久安
仁平
久寿
保元
平治
永历
应保
长宽
永万
仁安
嘉应
承安
安元
治承
养和
寿永
元历
文治
建久
正治
建仁
元久
建永
承元
建历
建保
承久
贞应
元仁
嘉禄
安贞
宽喜
贞永
天福
文历
嘉祯
历仁
延应
仁治
宽元
宝治
建长
康元
正嘉
正元
文应
弘长
文永
建治
弘安
正应
永仁
正安
乾元
嘉元
德治
延庆
应长
正和
文保
元应
元亨
正中
嘉历
元德
元弘
建武
延元
兴国
正平
建德
文中
天授
弘和
元中
正庆
建武
历应
康永
贞和
观应
文和
延文
康安
贞治
应安
永和
康历
永德
至德
嘉庆
康应
明德
应永
正长
永享
嘉吉
文安
宝德
享德
康正
长禄
宽正
文正
应仁
文明
长享
延德
明应
文龟
永正
大永
享禄
天文
弘治
永禄
元龟
天正
文禄
庆长
元和
宽永
正保
庆安
承应
明历
万治
宽文
延宝
天和
贞享
元禄
宝永
正德
享保
元文
宽保
延享
宽延
宝历
明和
安永
天明
宽政
享和
文化
文政
天保
弘化
嘉永
安政
万延
文久
元治
庆应
明治
大正
昭和
平成