0 info it worked if it ends with ok
1 verbose cli [ '/Users/youzipi/.nvm/versions/node/v0.12.10/bin/node',
1 verbose cli   '/Users/youzipi/.nvm/versions/node/v0.12.10/bin/npm',
1 verbose cli   'run',
1 verbose cli   'dev' ]
2 info using npm@2.14.9
3 info using node@v0.12.10
4 verbose config Skipping project config: /Users/youzipi/.npmrc. (matches userconfig)
5 verbose stack Error: ENOENT, open '/Users/youzipi/package.json'
5 verbose stack     at Error (native)
6 verbose cwd /Users/youzipi/projects/graduation-project/tornado_demos
7 error Darwin 15.4.0
8 error argv "/Users/youzipi/.nvm/versions/node/v0.12.10/bin/node" "/Users/youzipi/.nvm/versions/node/v0.12.10/bin/npm" "run" "dev"
9 error node v0.12.10
10 error npm  v2.14.9
11 error path /Users/youzipi/package.json
12 error code ENOENT
13 error errno -2
14 error enoent ENOENT, open '/Users/youzipi/package.json'
14 error enoent This is most likely not a problem with npm itself
14 error enoent and is related to npm not being able to find a file.
15 verbose exit [ -2, true ]
